# JRE version: OpenJDK Runtime Environment (8.0_242-b01) (build 1.8.0_242-release-1644-b01)
# Java VM: OpenJDK 64-Bit Server VM (25.242-b01 mixed mode windows-amd64 compressed oops)
Heap:
 PSYoungGen      total 619520K, used 188336K [0x00000000d5580000, 0x0000000100000000, 0x0000000100000000)
  eden space 567808K, 24% used [0x00000000d5580000,0x00000000ddaed978,0x00000000f8000000)
  from space 51712K, 99% used [0x00000000fc980000,0x00000000ffbfe6f8,0x00000000ffc00000)
  to   space 65536K, 0% used [0x00000000f8000000,0x00000000f8000000,0x00000000fc000000)
 ParOldGen       total 451072K, used 90310K [0x0000000080000000, 0x000000009b880000, 0x00000000d5580000)
  object space 451072K, 20% used [0x0000000080000000,0x00000000858318c0,0x000000009b880000)
 Metaspace       used 149857K, capacity 157033K, committed 164336K, reserved 1191936K
  class space    used 19343K, capacity 20707K, committed 22192K, reserved 1048576K
GC Heap History (10 events):
Event: 4114.822 GC heap before
{Heap before GC invocations=31 (full 4):
 PSYoungGen      total 485888K, used 485881K [0x00000000d5580000, 0x00000000f8680000, 0x0000000100000000)
  eden space 445952K, 100% used [0x00000000d5580000,0x00000000f0900000,0x00000000f0900000)
  from space 39936K, 99% used [0x00000000f4000000,0x00000000f66fe6a0,0x00000000f6700000)
  to   space 56320K, 0% used [0x00000000f0900000,0x00000000f0900000,0x00000000f4000000)
 ParOldGen       total 389120K, used 141531K [0x0000000080000000, 0x0000000097c00000, 0x00000000d5580000)
  object space 389120K, 36% used [0x0000000080000000,0x0000000088a36c48,0x0000000097c00000)
 Metaspace       used 153245K, capacity 163619K, committed 163752K, reserved 1191936K
  class space    used 20160K, capacity 22070K, committed 22192K, reserved 1048576K
Event: 4114.860 GC heap after
Heap after GC invocations=31 (full 4):
 PSYoungGen      total 502272K, used 19156K [0x00000000d5580000, 0x00000000fa500000, 0x0000000100000000)
  eden space 445952K, 0% used [0x00000000d5580000,0x00000000d5580000,0x00000000f0900000)
  from space 56320K, 34% used [0x00000000f0900000,0x00000000f1bb51d0,0x00000000f4000000)
  to   space 54272K, 0% used [0x00000000f7000000,0x00000000f7000000,0x00000000fa500000)
 ParOldGen       total 389120K, used 171072K [0x0000000080000000, 0x0000000097c00000, 0x00000000d5580000)
  object space 389120K, 43% used [0x0000000080000000,0x000000008a710308,0x0000000097c00000)
 Metaspace       used 153245K, capacity 163619K, committed 163752K, reserved 1191936K
  class space    used 20160K, capacity 22070K, committed 22192K, reserved 1048576K
}
Event: 4114.927 GC heap before
{Heap before GC invocations=32 (full 4):
 PSYoungGen      total 502272K, used 29568K [0x00000000d5580000, 0x00000000fa500000, 0x0000000100000000)
  eden space 445952K, 2% used [0x00000000d5580000,0x00000000d5faaf70,0x00000000f0900000)
  from space 56320K, 34% used [0x00000000f0900000,0x00000000f1bb51d0,0x00000000f4000000)
  to   space 54272K, 0% used [0x00000000f7000000,0x00000000f7000000,0x00000000fa500000)
 ParOldGen       total 389120K, used 171072K [0x0000000080000000, 0x0000000097c00000, 0x00000000d5580000)
  object space 389120K, 43% used [0x0000000080000000,0x000000008a710308,0x0000000097c00000)
 Metaspace       used 153489K, capacity 164333K, committed 164336K, reserved 1191936K
  class space    used 20224K, capacity 22189K, committed 22192K, reserved 1048576K
Event: 4114.940 GC heap after
Heap after GC invocations=32 (full 4):
 PSYoungGen      total 552448K, used 11175K [0x00000000d5580000, 0x00000000fce00000, 0x0000000100000000)
  eden space 498176K, 0% used [0x00000000d5580000,0x00000000d5580000,0x00000000f3c00000)
  from space 54272K, 20% used [0x00000000f7000000,0x00000000f7ae9fc0,0x00000000fa500000)
  to   space 53248K, 0% used [0x00000000f3c00000,0x00000000f3c00000,0x00000000f7000000)
 ParOldGen       total 389120K, used 171080K [0x0000000080000000, 0x0000000097c00000, 0x00000000d5580000)
  object space 389120K, 43% used [0x0000000080000000,0x000000008a712308,0x0000000097c00000)
 Metaspace       used 153489K, capacity 164333K, committed 164336K, reserved 1191936K
  class space    used 20224K, capacity 22189K, committed 22192K, reserved 1048576K
}
Event: 4114.941 GC heap before
{Heap before GC invocations=33 (full 5):
 PSYoungGen      total 552448K, used 11175K [0x00000000d5580000, 0x00000000fce00000, 0x0000000100000000)
  eden space 498176K, 0% used [0x00000000d5580000,0x00000000d5580000,0x00000000f3c00000)
  from space 54272K, 20% used [0x00000000f7000000,0x00000000f7ae9fc0,0x00000000fa500000)
  to   space 53248K, 0% used [0x00000000f3c00000,0x00000000f3c00000,0x00000000f7000000)
 ParOldGen       total 389120K, used 171080K [0x0000000080000000, 0x0000000097c00000, 0x00000000d5580000)
  object space 389120K, 43% used [0x0000000080000000,0x000000008a712308,0x0000000097c00000)
 Metaspace       used 153489K, capacity 164333K, committed 164336K, reserved 1191936K
  class space    used 20224K, capacity 22189K, committed 22192K, reserved 1048576K
Event: 4115.227 GC heap after
Heap after GC invocations=33 (full 5):
 PSYoungGen      total 552448K, used 0K [0x00000000d5580000, 0x00000000fce00000, 0x0000000100000000)
  eden space 498176K, 0% used [0x00000000d5580000,0x00000000d5580000,0x00000000f3c00000)
  from space 54272K, 0% used [0x00000000f7000000,0x00000000f7000000,0x00000000fa500000)
  to   space 53248K, 0% used [0x00000000f3c00000,0x00000000f3c00000,0x00000000f7000000)
 ParOldGen       total 451072K, used 74524K [0x0000000080000000, 0x000000009b880000, 0x00000000d5580000)
  object space 451072K, 16% used [0x0000000080000000,0x00000000848c73d8,0x000000009b880000)
 Metaspace       used 147665K, capacity 154089K, committed 164336K, reserved 1191936K
  class space    used 19070K, capacity 20232K, committed 22192K, reserved 1048576K
}
Event: 10902.496 GC heap before
{Heap before GC invocations=34 (full 5):
 PSYoungGen      total 552448K, used 498176K [0x00000000d5580000, 0x00000000fce00000, 0x0000000100000000)
  eden space 498176K, 100% used [0x00000000d5580000,0x00000000f3c00000,0x00000000f3c00000)
  from space 54272K, 0% used [0x00000000f7000000,0x00000000f7000000,0x00000000fa500000)
  to   space 53248K, 0% used [0x00000000f3c00000,0x00000000f3c00000,0x00000000f7000000)
 ParOldGen       total 451072K, used 74524K [0x0000000080000000, 0x000000009b880000, 0x00000000d5580000)
  object space 451072K, 16% used [0x0000000080000000,0x00000000848c73d8,0x000000009b880000)
 Metaspace       used 149097K, capacity 156243K, committed 164336K, reserved 1191936K
  class space    used 19261K, capacity 20604K, committed 22192K, reserved 1048576K
Event: 10902.561 GC heap after
Heap after GC invocations=34 (full 5):
 PSYoungGen      total 551424K, used 14350K [0x00000000d5580000, 0x00000000ffc00000, 0x0000000100000000)
  eden space 498176K, 0% used [0x00000000d5580000,0x00000000d5580000,0x00000000f3c00000)
  from space 53248K, 26% used [0x00000000f3c00000,0x00000000f4a03b48,0x00000000f7000000)
  to   space 51712K, 0% used [0x00000000fc980000,0x00000000fc980000,0x00000000ffc00000)
 ParOldGen       total 451072K, used 74532K [0x0000000080000000, 0x000000009b880000, 0x00000000d5580000)
  object space 451072K, 16% used [0x0000000080000000,0x00000000848c93d8,0x000000009b880000)
 Metaspace       used 149097K, capacity 156243K, committed 164336K, reserved 1191936K
  class space    used 19261K, capacity 20604K, committed 22192K, reserved 1048576K
}
Event: 10904.989 GC heap before
{Heap before GC invocations=35 (full 5):
 PSYoungGen      total 551424K, used 512526K [0x00000000d5580000, 0x00000000ffc00000, 0x0000000100000000)
  eden space 498176K, 100% used [0x00000000d5580000,0x00000000f3c00000,0x00000000f3c00000)
  from space 53248K, 26% used [0x00000000f3c00000,0x00000000f4a03b48,0x00000000f7000000)
  to   space 51712K, 0% used [0x00000000fc980000,0x00000000fc980000,0x00000000ffc00000)
 ParOldGen       total 451072K, used 74532K [0x0000000080000000, 0x000000009b880000, 0x00000000d5580000)
  object space 451072K, 16% used [0x0000000080000000,0x00000000848c93d8,0x000000009b880000)
 Metaspace       used 149786K, capacity 156949K, committed 164336K, reserved 1191936K
  class space    used 19334K, capacity 20703K, committed 22192K, reserved 1048576K
Event: 10905.056 GC heap after
Heap after GC invocations=35 (full 5):
 PSYoungGen      total 619520K, used 51705K [0x00000000d5580000, 0x0000000100000000, 0x0000000100000000)
  eden space 567808K, 0% used [0x00000000d5580000,0x00000000d5580000,0x00000000f8000000)
  from space 51712K, 99% used [0x00000000fc980000,0x00000000ffbfe6f8,0x00000000ffc00000)
  to   space 65536K, 0% used [0x00000000f8000000,0x00000000f8000000,0x00000000fc000000)
 ParOldGen       total 451072K, used 90310K [0x0000000080000000, 0x000000009b880000, 0x00000000d5580000)
  object space 451072K, 20% used [0x0000000080000000,0x00000000858318c0,0x000000009b880000)
 Metaspace       used 149786K, capacity 156949K, committed 164336K, reserved 1191936K
  class space    used 19334K, capacity 20703K, committed 22192K, reserved 1048576K
}

